<?xml version="1.0" encoding="UTF-8"?>
<!-- Generated by org.testng.reporters.JUnitReportReporter -->
<testsuite hostname="kindbring-lm" name="com.myalgo.algorithm1.TestReverseStringByWords" tests="3" failures="0" timestamp="19 Aug 2016 21:49:59 GMT" time="0.016" errors="0">
  <testcase name="testReverseString" time="0.002" classname="com.myalgo.algorithm1.TestReverseStringByWords"/>
  <testcase name="testReverseString" time="0.005" classname="com.myalgo.algorithm1.TestReverseStringByWords"/>
  <testcase name="testReverseString" time="0.009" classname="com.myalgo.algorithm1.TestReverseStringByWords"/>
</testsuite> <!-- com.myalgo.algorithm1.TestReverseStringByWords -->
