<?xml version="1.0" encoding="UTF-8"?>
<!-- Generated by org.testng.reporters.JUnitReportReporter -->
<testsuite hostname="kindbring-lm" name="com.myalgo.algorithm1.testReverseStringByChar" tests="3" failures="0" timestamp="19 Aug 2016 22:08:35 GMT" time="0.014" errors="0">
  <testcase name="testReverseString" time="0.001" classname="com.myalgo.algorithm1.testReverseStringByChar"/>
  <testcase name="testReverseString" time="0.013" classname="com.myalgo.algorithm1.testReverseStringByChar"/>
  <testcase name="testReverseString" time="0.000" classname="com.myalgo.algorithm1.testReverseStringByChar"/>
</testsuite> <!-- com.myalgo.algorithm1.testReverseStringByChar -->
